This is pdfTeX, Version 3.141592-1.40.4 (MiKTeX 2.7) (preloaded format=pdflatex 2008.9.13)  31 MAY 2010 17:14
entering extended mode
**C:/workspace/episodicHPN/treebanks/probability_table.tex
(C:/workspace/episodicHPN/treebanks/probability_table.tex
LaTeX2e <2005/12/01>
Babel <v3.8h> and hyphenation patterns for english, dumylang, nohyphenation, ge
rman, ngerman, french, loaded.
("C:\Program Files (x86)\MiKTeX 2.7\tex\latex\base\article.cls"
Document Class: article 2005/09/16 v1.4f Standard LaTeX document class
("C:\Program Files (x86)\MiKTeX 2.7\tex\latex\base\size10.clo"
File: size10.clo 2005/09/16 v1.4f Standard LaTeX file (size option)
)
\c@part=\count79
\c@section=\count80
\c@subsection=\count81
\c@subsubsection=\count82
\c@paragraph=\count83
\c@subparagraph=\count84
\c@figure=\count85
\c@table=\count86
\abovecaptionskip=\skip41
\belowcaptionskip=\skip42
\bibindent=\dimen102
)
("C:\Program Files (x86)\MiKTeX 2.7\tex\latex\base\inputenc.sty"
Package: inputenc 2006/05/05 v1.1b Input encoding file
\inpenc@prehook=\toks14
\inpenc@posthook=\toks15

("C:\Program Files (x86)\MiKTeX 2.7\tex\latex\base\latin2.def"
File: latin2.def 2006/05/05 v1.1b Input encoding file
))
(C:\Latex\styles\graphicx.sty

LaTeX Warning: You have requested package `../../../Latex/styles/graphicx',
               but the package provides `graphicx'.

Package: graphicx 1999/02/16 v1.0f Enhanced LaTeX Graphics (DPC,SPQR)
("C:\Program Files (x86)\MiKTeX 2.7\tex\latex\graphics\keyval.sty"
Package: keyval 1999/03/16 v1.13 key=value parser (DPC)
\KV@toks@=\toks16
)
("C:\Program Files (x86)\MiKTeX 2.7\tex\latex\graphics\graphics.sty"
Package: graphics 2006/02/20 v1.0o Standard LaTeX Graphics (DPC,SPQR)

("C:\Program Files (x86)\MiKTeX 2.7\tex\latex\graphics\trig.sty"
Package: trig 1999/03/16 v1.09 sin cos tan (DPC)
)
("C:\Program Files (x86)\MiKTeX 2.7\tex\latex\00miktex\graphics.cfg"
File: graphics.cfg 2007/01/18 v1.5 graphics configuration of teTeX/TeXLive
)
Package graphics Info: Driver file: pdftex.def on input line 90.

("C:\Program Files (x86)\MiKTeX 2.7\tex\latex\graphics\pdftex.def"
File: pdftex.def 2007/06/12 v0.04h Graphics/color for pdfTeX
\Gread@gobject=\count87
))
\Gin@req@height=\dimen103
\Gin@req@width=\dimen104
)
("C:\Program Files (x86)\MiKTeX 2.7\tex\latex\base\fontenc.sty"
Package: fontenc 2005/09/27 v1.99g Standard LaTeX package

("C:\Program Files (x86)\MiKTeX 2.7\tex\latex\base\t1enc.def"
File: t1enc.def 2005/09/27 v1.99g Standard LaTeX file
LaTeX Font Info:    Redeclaring font encoding T1 on input line 43.
))
(C:\Latex\styles\qtree.sty
\c@treecount=\count88
\c@branchcount=\count89
\parentbox=\box26
\treebox=\box27
\treeboxone=\box28
\treeboxtwo=\box29
\treeboxthree=\box30
\treeboxfour=\box31
\treeboxfive=\box32
\treeboxsix=\box33
\treeboxseven=\box34
\treeboxeight=\box35
\treeboxnine=\box36
\treeboxten=\box37
\treeboxeleven=\box38
\treeboxtwelve=\box39
\treeboxthirteen=\box40
\treeboxfourteen=\box41
\treeboxfifteen=\box42
\treeboxsixteen=\box43
\treeboxseventeen=\box44
\treeboxeighteen=\box45
\treeboxnineteen=\box46
\treeboxtwenty=\box47
\treeoffsetone=\skip43
\treeoffsettwo=\skip44
\treeoffsetthree=\skip45
\treeoffsetfour=\skip46
\treeoffsetfive=\skip47
\treeoffsetsix=\skip48
\treeoffsetseven=\skip49
\treeoffseteight=\skip50
\treeoffsetnine=\skip51
\treeoffsetten=\skip52
\treeoffseteleven=\skip53
\treeoffsettwelve=\skip54
\treeoffsetthirteen=\skip55
\treeoffsetfourteen=\skip56
\treeoffsetfifteen=\skip57
\treeoffsetsixteen=\skip58
\treeoffsetseventeen=\skip59
\treeoffseteighteen=\skip60
\treeoffsetnineteen=\skip61
\treeoffsettwenty=\skip62
\treeshiftone=\skip63
\treeshifttwo=\skip64
\treeshiftthree=\skip65
\treeshiftfour=\skip66
\treeshiftfive=\skip67
\treeshiftsix=\skip68
\treeshiftseven=\skip69
\treeshifteight=\skip70
\treeshiftnine=\skip71
\treeshiftten=\skip72
\treeshifteleven=\skip73
\treeshifttwelve=\skip74
\treeshiftthirteen=\skip75
\treeshiftfourteen=\skip76
\treeshiftfifteen=\skip77
\treeshiftsixteen=\skip78
\treeshiftseventeen=\skip79
\treeshifteighteen=\skip80
\treeshiftnineteen=\skip81
\treeshifttwenty=\skip82
\treewidthone=\skip83
\treewidthtwo=\skip84
\treewidththree=\skip85
\treewidthfour=\skip86
\treewidthfive=\skip87
\treewidthsix=\skip88
\treewidthseven=\skip89
\treewidtheight=\skip90
\treewidthnine=\skip91
\treewidthten=\skip92
\treewidtheleven=\skip93
\treewidthtwelve=\skip94
\treewidththirteen=\skip95
\treewidthfourteen=\skip96
\treewidthfifteen=\skip97
\treewidthsixteen=\skip98
\treewidthseventeen=\skip99
\treewidtheighteen=\skip100
\treewidthnineteen=\skip101
\treewidthtwenty=\skip102
\daughteroffsetone=\skip103
\daughteroffsettwo=\skip104
\daughteroffsetthree=\skip105
\daughteroffsetfour=\skip106
\branchwidthone=\skip107
\branchwidthtwo=\skip108
\branchwidththree=\skip109
\branchwidthfour=\skip110
\parentoffset=\skip111
\treeoffset=\skip112
\daughteroffset=\skip113
\branchwidth=\skip114
\parentwidth=\skip115
\treewidth=\skip116
\qbog=\dimen105
\qta=\toks17
\qtb=\toks18
\nbranches=\count90
 (eepic.sty
Extension to Epic and LaTeX. Version 1.1e - Released Dec 21, 1999
\@gphlinewidth=\count91
\@eepictcnt=\count92
\@tempdimc=\dimen106
\maxovaldiam=\dimen107
\@filltype=\box48
)
\qroofx=\count93
\qroofy=\count94
\@scratchbox=\box49
) (C:\Latex\styles\longtable.sty

LaTeX Warning: You have requested package `../../../Latex/styles/longtable',
               but the package provides `longtable'.

Package: longtable 1994/12/08 v3.13 Multi-page Table package (DPC)
\LTleft=\skip117
\LTright=\skip118
\LTpre=\skip119
\LTpost=\skip120
\LTchunksize=\count95
\LTcapwidth=\dimen108
\LT@head=\box50
\LT@firsthead=\box51
\LT@foot=\box52
\LT@lastfoot=\box53
\LT@cols=\count96
\LT@rows=\count97
\c@LT@tables=\count98
\LT@p@ftn=\toks19
) (probability_table.aux

LaTeX Warning: Label `tab:probabilities' multiply defined.

)
LaTeX Font Info:    Checking defaults for OML/cmm/m/it on input line 10.
LaTeX Font Info:    ... okay on input line 10.
LaTeX Font Info:    Checking defaults for T1/cmr/m/n on input line 10.
LaTeX Font Info:    ... okay on input line 10.
LaTeX Font Info:    Checking defaults for OT1/cmr/m/n on input line 10.
LaTeX Font Info:    ... okay on input line 10.
LaTeX Font Info:    Checking defaults for OMS/cmsy/m/n on input line 10.
LaTeX Font Info:    ... okay on input line 10.
LaTeX Font Info:    Checking defaults for OMX/cmex/m/n on input line 10.
LaTeX Font Info:    ... okay on input line 10.
LaTeX Font Info:    Checking defaults for U/cmr/m/n on input line 10.
LaTeX Font Info:    ... okay on input line 10.
 ("C:\Program Files (x86)\MiKTeX 2.7\tex\context\base\supp-pdf.tex"
[Loading MPS to PDF converter (version 2006.09.02).]
\scratchcounter=\count99
\scratchdimen=\dimen109
\scratchbox=\box54
\nofMPsegments=\count100
\nofMParguments=\count101
\MPscratchCnt=\count102
\MPscratchDim=\dimen110
\MPnumerator=\count103
\everyMPtoPDFconversion=\toks20
)
Overfull \hbox (493.80063pt too wide) in alignment at lines 11--13
 [] [] [] [] [] [] [] [] [] [] [] [] [] [] [] [] [] 
 []


Overfull \hbox (499.7714pt too wide) in alignment at lines 13--13
 [] [] [] [] [] [] [] [] [] [] [] [] [] [] [] [] [] 
 []


Overfull \hbox (505.65884pt too wide) in alignment at lines 13--13
 [] [] [] [] [] [] [] [] [] [] [] [] [] [] [] [] [] 
 []


Overfull \hbox (505.65884pt too wide) in alignment at lines 13--13
 [] [] [] [] [] [] [] [] [] [] [] [] [] [] [] [] [] 
 []

[1

{C:/ProgramData/MiKTeX/2.7/pdftex/config/pdftex.map}]
Overfull \hbox (505.65884pt too wide) in alignment at lines 13--13
 [] [] [] [] [] [] [] [] [] [] [] [] [] [] [] [] [] 
 []


Overfull \hbox (505.65884pt too wide) in alignment at lines 13--13
 [] [] [] [] [] [] [] [] [] [] [] [] [] [] [] [] [] 
 []

[2]
Overfull \hbox (509.0469pt too wide) in alignment at lines 13--13
 [] [] [] [] [] [] [] [] [] [] [] [] [] [] [] [] [] 
 []


Overfull \hbox (509.0469pt too wide) in alignment at lines 13--16
 [] [] [] [] [] [] [] [] [] [] [] [] [] [] [] [] [] 
 []

[3]

Package longtable Warning: \multicolumn set in draft mode
(longtable)                in table 1 on input line 16.


Package longtable Warning: Column widths have changed
(longtable)                in table 1 on input line 16.


Overfull \hbox (493.59235pt too wide) in alignment at lines 17--19
 [] [] [] [] [] [] [] [] [] [] [] [] [] [] [] [] [] 
 []


Overfull \hbox (497.91074pt too wide) in alignment at lines 19--19
 [] [] [] [] [] [] [] [] [] [] [] [] [] [] [] [] [] 
 []


Overfull \hbox (505.65884pt too wide) in alignment at lines 19--19
 [] [] [] [] [] [] [] [] [] [] [] [] [] [] [] [] [] 
 []

[4]
Overfull \hbox (505.65884pt too wide) in alignment at lines 19--19
 [] [] [] [] [] [] [] [] [] [] [] [] [] [] [] [] [] 
 []


Overfull \hbox (505.65884pt too wide) in alignment at lines 19--19
 [] [] [] [] [] [] [] [] [] [] [] [] [] [] [] [] [] 
 []

[5]
Overfull \hbox (505.65884pt too wide) in alignment at lines 19--19
 [] [] [] [] [] [] [] [] [] [] [] [] [] [] [] [] [] 
 []


Overfull \hbox (509.0469pt too wide) in alignment at lines 19--19
 [] [] [] [] [] [] [] [] [] [] [] [] [] [] [] [] [] 
 []


Overfull \hbox (509.0469pt too wide) in alignment at lines 19--22
 [] [] [] [] [] [] [] [] [] [] [] [] [] [] [] [] [] 
 []

[6]

Package longtable Warning: \multicolumn set in draft mode
(longtable)                in table 2 on input line 22.


Package longtable Warning: Column widths have changed
(longtable)                in table 2 on input line 22.

[7] (probability_table.aux)

LaTeX Warning: There were multiply-defined labels.

 ) 
Here is how much of TeX's memory you used:
 1396 strings out of 95340
 15865 string characters out of 1184001
 105099 words of memory out of 1500000
 4622 multiletter control sequences out of 110000
 4403 words of font info for 15 fonts, out of 1200000 for 2000
 14 hyphenation exceptions out of 8191
 25i,6n,19p,11195b,188s stack positions out of 5000i,500n,10000p,200000b,5000s
 <C:\ProgramData\MiKTeX\2.7\fonts\pk\ljfour\jknappen\ec\dpi600\ecrm1000.pk>
Output written on probability_table.pdf (7 pages, 29262 bytes).
PDF statistics:
 91 PDF objects out of 1000 (max. 8388607)
 0 named destinations out of 1000 (max. 131072)
 1 words of extra memory for PDF output out of 10000 (max. 10000000)

