This is pdfTeX, Version 3.141592-1.40.4 (MiKTeX 2.7) (preloaded format=pdflatex 2008.9.13)  28 JAN 2011 13:40
entering extended mode
**C:/workspace/episodicHPN/treebanks/topFragments.tex
(C:/workspace/episodicHPN/treebanks/topFragments.tex
LaTeX2e <2005/12/01>
Babel <v3.8h> and hyphenation patterns for english, dumylang, nohyphenation, ge
rman, ngerman, french, loaded.
("C:\Program Files (x86)\MiKTeX 2.7\tex\latex\base\article.cls"
Document Class: article 2005/09/16 v1.4f Standard LaTeX document class
("C:\Program Files (x86)\MiKTeX 2.7\tex\latex\base\size10.clo"
File: size10.clo 2005/09/16 v1.4f Standard LaTeX file (size option)
)
\c@part=\count79
\c@section=\count80
\c@subsection=\count81
\c@subsubsection=\count82
\c@paragraph=\count83
\c@subparagraph=\count84
\c@figure=\count85
\c@table=\count86
\abovecaptionskip=\skip41
\belowcaptionskip=\skip42
\bibindent=\dimen102
)
("C:\Program Files (x86)\MiKTeX 2.7\tex\latex\base\inputenc.sty"
Package: inputenc 2006/05/05 v1.1b Input encoding file
\inpenc@prehook=\toks14
\inpenc@posthook=\toks15

("C:\Program Files (x86)\MiKTeX 2.7\tex\latex\base\latin2.def"
File: latin2.def 2006/05/05 v1.1b Input encoding file
))
(C:\workspace\episodicHPN\treebanks\graphicx.sty

LaTeX Warning: You have requested package `./graphicx',
               but the package provides `graphicx'.

Package: graphicx 1999/02/16 v1.0f Enhanced LaTeX Graphics (DPC,SPQR)
("C:\Program Files (x86)\MiKTeX 2.7\tex\latex\graphics\keyval.sty"
Package: keyval 1999/03/16 v1.13 key=value parser (DPC)
\KV@toks@=\toks16
)
("C:\Program Files (x86)\MiKTeX 2.7\tex\latex\graphics\graphics.sty"
Package: graphics 2006/02/20 v1.0o Standard LaTeX Graphics (DPC,SPQR)

("C:\Program Files (x86)\MiKTeX 2.7\tex\latex\graphics\trig.sty"
Package: trig 1999/03/16 v1.09 sin cos tan (DPC)
)
("C:\Program Files (x86)\MiKTeX 2.7\tex\latex\00miktex\graphics.cfg"
File: graphics.cfg 2007/01/18 v1.5 graphics configuration of teTeX/TeXLive
)
Package graphics Info: Driver file: pdftex.def on input line 90.

("C:\Program Files (x86)\MiKTeX 2.7\tex\latex\graphics\pdftex.def"
File: pdftex.def 2007/06/12 v0.04h Graphics/color for pdfTeX
\Gread@gobject=\count87
))
\Gin@req@height=\dimen103
\Gin@req@width=\dimen104
)
(C:\workspace\episodicHPN\treebanks\parsetree.sty
Including style file `parsetree.sty'.
\pthgap=\dimen105
\ptvgap=\dimen106
\ptnodestrutbox=\box26
\ptleafstrutbox=\box27
\ptdepth=\count88
\ptn=\count89
\ptm=\box28
\ptmx=\dimen107
\pta=\box29
\ptax=\dimen108
\ptb=\box30
\ptbx=\dimen109
\ptc=\box31
\ptcx=\dimen110
\ptx=\box32
\ptxx=\dimen111
\pted=\count90
\ptedm=\count91
\pteda=\count92
\ptedb=\count93
\ptedc=\count94
\ptedl=\count95
\ptedh=\count96
\ptedhs=\count97
\ptedvs=\count98
\ptedtemp=\count99
) ("C:\Program Files (x86)\MiKTeX 2.7\tex\latex\base\fontenc.sty"
Package: fontenc 2005/09/27 v1.99g Standard LaTeX package

("C:\Program Files (x86)\MiKTeX 2.7\tex\latex\base\t1enc.def"
File: t1enc.def 2005/09/27 v1.99g Standard LaTeX file
LaTeX Font Info:    Redeclaring font encoding T1 on input line 43.
))
(topFragments.aux)
LaTeX Font Info:    Checking defaults for OML/cmm/m/it on input line 8.
LaTeX Font Info:    ... okay on input line 8.
LaTeX Font Info:    Checking defaults for T1/cmr/m/n on input line 8.
LaTeX Font Info:    ... okay on input line 8.
LaTeX Font Info:    Checking defaults for OT1/cmr/m/n on input line 8.
LaTeX Font Info:    ... okay on input line 8.
LaTeX Font Info:    Checking defaults for OMS/cmsy/m/n on input line 8.
LaTeX Font Info:    ... okay on input line 8.
LaTeX Font Info:    Checking defaults for OMX/cmex/m/n on input line 8.
LaTeX Font Info:    ... okay on input line 8.
LaTeX Font Info:    Checking defaults for U/cmr/m/n on input line 8.
LaTeX Font Info:    ... okay on input line 8.

("C:\Program Files (x86)\MiKTeX 2.7\tex\context\base\supp-pdf.tex"
[Loading MPS to PDF converter (version 2006.09.02).]
\scratchcounter=\count100
\scratchdimen=\dimen112
\scratchbox=\box33
\nofMPsegments=\count101
\nofMParguments=\count102
\MPscratchCnt=\count103
\MPscratchDim=\dimen113
\MPnumerator=\count104
\everyMPtoPDFconversion=\toks17
)
Overfull \hbox (436.37767pt too wide) in paragraph at lines 11--12
[]\T1/cmr/m/n/10 Frequency: 35; Oc-curs in sen-tences: [5,34,123,167,186,187,21
6,259,261,267,295,348,362,367,393,413,466,488,493,522,534,543,566,567,597,608,6
51,672,690,815,828,883,896,902,914] 
 []

! Missing $ inserted.
<inserted text> 
                $
l.14 ...' ) ) (.PUNC@[A3]. (.pp*TOP>PUNC\\^1@[P2].
                                                   (.TOP>PUNC*@[S1]. `' ) ) ...
I've inserted a begin-math/end-math symbol since I think
you left one out. Proceed, with fingers crossed.

LaTeX Font Info:    External font `cmex10' loaded for size
(Font)              <7> on input line 14.
LaTeX Font Info:    External font `cmex10' loaded for size
(Font)              <5> on input line 14.
! Extra }, or forgotten $.
\ptnodeaux #1->\setbox \ptx =\hbox {#1}
                                       \ptxx =0.5\wd \ptx \ptnext 
l.14 ...' ) ) (.PUNC@[A3]. (.pp*TOP>PUNC\\^1@[P2].
                                                   (.TOP>PUNC*@[S1]. `' ) ) ...
I've deleted a group-closing symbol because it seems to be
spurious, as in `$x}$'. But perhaps the } is legitimate and
you forgot something else, as in `\hbox{$x}'. In such cases
the way to recover is to insert both the forgotten and the
deleted material, e.g., by typing `I$}'.

! Missing $ inserted.
<inserted text> 
                $
l.14 ...OP>PUNC\\^1@[P2]. (.TOP>PUNC*@[S1]. `' ) )
                                                   ) ) \end{parsetree}
I've inserted something that you may have forgotten.
(See the <inserted text> above.)
With luck, this will get me unwedged. But if you
really didn't forget anything, try typing `2' now; then
my insertion and my current dilemma will both disappear.

! Missing } inserted.
<inserted text> 
                }
l.14 ...OP>PUNC\\^1@[P2]. (.TOP>PUNC*@[S1]. `' ) )
                                                   ) ) \end{parsetree}
I've inserted something that you may have forgotten.
(See the <inserted text> above.)
With luck, this will get me unwedged. But if you
really didn't forget anything, try typing `2' now; then
my insertion and my current dilemma will both disappear.


Overfull \hbox (403.6079pt too wide) in paragraph at lines 16--17
[]\T1/cmr/m/n/10 Frequency: 34; Oc-curs in sen-tences: [16,38,53,56,69,89,159,2
21,244,263,270,282,303,371,376,415,550,571,573,576,583,601,614,618,682,772,782,
806,844,852,912,915,916,918] 
 []


Overfull \hbox (190.32664pt too wide) in paragraph at lines 21--22
[]\T1/cmr/m/n/10 Frequency: 22; Oc-curs in sen-tences: [26,68,75,83,84,90,152,1
65,331,358,418,437,496,497,540,603,634,702,754,807,817,926] 
 []


Overfull \hbox (192.54832pt too wide) in paragraph at lines 26--27
[]\T1/cmr/m/n/10 Frequency: 21; Oc-curs in sen-tences: [88,95,169,194,211,220,2
81,347,389,421,458,459,478,479,604,642,694,818,841,859,909] 
 []

[1

{C:/ProgramData/MiKTeX/2.7/pdftex/config/pdftex.map}]
Overfull \hbox (88.6848pt too wide) in paragraph at lines 31--32
[]\T1/cmr/m/n/10 Frequency: 16; Oc-curs in sen-tences: [0,3,33,236,247,302,353,
395,433,477,553,581,766,775,788,891] 
 []


Overfull \hbox (85.9077pt too wide) in paragraph at lines 36--37
[]\T1/cmr/m/n/10 Frequency: 15; Oc-curs in sen-tences: [6,228,254,274,412,419,4
57,481,587,637,653,691,703,783,875] 
 []


Overfull \hbox (90.90648pt too wide) in paragraph at lines 41--42
[]\T1/cmr/m/n/10 Frequency: 15; Oc-curs in sen-tences: [55,121,163,192,285,399,
441,578,635,664,719,785,797,854,884] 
 []

[2]
Overfull \hbox (68.13426pt too wide) in paragraph at lines 46--47
[]\T1/cmr/m/n/10 Frequency: 14; Oc-curs in sen-tences: [43,96,137,160,193,215,2
56,310,439,464,509,523,708,870] 
 []


Overfull \hbox (30.3657pt too wide) in paragraph at lines 51--52
[]\T1/cmr/m/n/10 Frequency: 13; Oc-curs in sen-tences: [30,52,67,76,78,92,246,3
35,438,461,638,726,802] 
 []


Overfull \hbox (24.81151pt too wide) in paragraph at lines 56--57
[]\T1/cmr/m/n/10 Frequency: 11; Oc-curs in sen-tences: [125,151,202,264,374,414
,617,723,777,811,889] 
 []


Overfull \hbox (19.81273pt too wide) in paragraph at lines 61--62
[]\T1/cmr/m/n/10 Frequency: 11; Oc-curs in sen-tences: [82,103,268,405,579,610,
732,853,860,908,911] 
 []

[3]
Overfull \hbox (2.03929pt too wide) in paragraph at lines 66--67
[]\T1/cmr/m/n/10 Frequency: 10; Oc-curs in sen-tences: [91,173,198,242,368,385,
487,622,724,753] 
 []

[4] [5]
Overfull \hbox (96.3853pt too wide) in paragraph at lines 99--100
[][] 
 []

[6]
Overfull \hbox (137.56128pt too wide) in paragraph at lines 124--125
[][] 
 []

[7] [8]
Overfull \hbox (164.6687pt too wide) in paragraph at lines 139--140
[][] 
 []

[9]
Overfull \hbox (105.76349pt too wide) in paragraph at lines 159--160
[][] 
 []

[10] [11]
Overfull \hbox (116.17761pt too wide) in paragraph at lines 174--175
[][] 
 []

[12] [13]
Overfull \hbox (134.64532pt too wide) in paragraph at lines 209--210
[][] 
 []

[14] [15]
Overfull \hbox (307.88373pt too wide) in paragraph at lines 234--235
[][] 
 []

[16] [17] [18]
Overfull \hbox (7.3153pt too wide) in paragraph at lines 254--255
[][] 
 []

[19] (topFragments.aux) ) 
Here is how much of TeX's memory you used:
 1163 strings out of 95340
 12792 string characters out of 1184001
 66844 words of memory out of 1500000
 4395 multiletter control sequences out of 110000
 5089 words of font info for 16 fonts, out of 1200000 for 2000
 14 hyphenation exceptions out of 8191
 25i,8n,19p,653b,296s stack positions out of 5000i,500n,10000p,200000b,5000s
 <C:\ProgramData\MiKTeX\2.7\fonts\pk\ljfour\jknappen\e
c\dpi600\ecrm1000.pk><C:/Program Files (x86)/MiKTeX 2.7/fonts/type1/bluesky/lat
ex-fonts/line10.pfb>
Output written on topFragments.pdf (19 pages, 51069 bytes).
PDF statistics:
 131 PDF objects out of 1000 (max. 8388607)
 0 named destinations out of 1000 (max. 131072)
 1 words of extra memory for PDF output out of 10000 (max. 10000000)

