This is pdfTeX, Version 3.141592-1.40.4 (MiKTeX 2.7) (preloaded format=pdflatex 2008.9.13)  21 JUL 2010 16:33
entering extended mode
**C:/workspace/episodicHPN/treebanks/trees_with_ETNs.tex
(C:/workspace/episodicHPN/treebanks/trees_with_ETNs.tex
LaTeX2e <2005/12/01>
Babel <v3.8h> and hyphenation patterns for english, dumylang, nohyphenation, ge
rman, ngerman, french, loaded.
("C:\Program Files (x86)\MiKTeX 2.7\tex\latex\base\article.cls"
Document Class: article 2005/09/16 v1.4f Standard LaTeX document class
("C:\Program Files (x86)\MiKTeX 2.7\tex\latex\base\size10.clo"
File: size10.clo 2005/09/16 v1.4f Standard LaTeX file (size option)
)
\c@part=\count79
\c@section=\count80
\c@subsection=\count81
\c@subsubsection=\count82
\c@paragraph=\count83
\c@subparagraph=\count84
\c@figure=\count85
\c@table=\count86
\abovecaptionskip=\skip41
\belowcaptionskip=\skip42
\bibindent=\dimen102
)
("C:\Program Files (x86)\MiKTeX 2.7\tex\latex\base\inputenc.sty"
Package: inputenc 2006/05/05 v1.1b Input encoding file
\inpenc@prehook=\toks14
\inpenc@posthook=\toks15

("C:\Program Files (x86)\MiKTeX 2.7\tex\latex\base\latin2.def"
File: latin2.def 2006/05/05 v1.1b Input encoding file
))
(C:\Latex\styles\graphicx.sty

LaTeX Warning: You have requested package `../../../Latex/styles/graphicx',
               but the package provides `graphicx'.

Package: graphicx 1999/02/16 v1.0f Enhanced LaTeX Graphics (DPC,SPQR)
("C:\Program Files (x86)\MiKTeX 2.7\tex\latex\graphics\keyval.sty"
Package: keyval 1999/03/16 v1.13 key=value parser (DPC)
\KV@toks@=\toks16
)
("C:\Program Files (x86)\MiKTeX 2.7\tex\latex\graphics\graphics.sty"
Package: graphics 2006/02/20 v1.0o Standard LaTeX Graphics (DPC,SPQR)

("C:\Program Files (x86)\MiKTeX 2.7\tex\latex\graphics\trig.sty"
Package: trig 1999/03/16 v1.09 sin cos tan (DPC)
)
("C:\Program Files (x86)\MiKTeX 2.7\tex\latex\00miktex\graphics.cfg"
File: graphics.cfg 2007/01/18 v1.5 graphics configuration of teTeX/TeXLive
)
Package graphics Info: Driver file: pdftex.def on input line 90.

("C:\Program Files (x86)\MiKTeX 2.7\tex\latex\graphics\pdftex.def"
File: pdftex.def 2007/06/12 v0.04h Graphics/color for pdfTeX
\Gread@gobject=\count87
))
\Gin@req@height=\dimen103
\Gin@req@width=\dimen104
)
("C:\Program Files (x86)\MiKTeX 2.7\tex\latex\base\fontenc.sty"
Package: fontenc 2005/09/27 v1.99g Standard LaTeX package

("C:\Program Files (x86)\MiKTeX 2.7\tex\latex\base\t1enc.def"
File: t1enc.def 2005/09/27 v1.99g Standard LaTeX file
LaTeX Font Info:    Redeclaring font encoding T1 on input line 43.
))
(C:\Latex\styles\parsetree.sty
Including style file `parsetree.sty'.
\pthgap=\dimen105
\ptvgap=\dimen106
\ptnodestrutbox=\box26
\ptleafstrutbox=\box27
\ptdepth=\count88
\ptn=\count89
\ptm=\box28
\ptmx=\dimen107
\pta=\box29
\ptax=\dimen108
\ptb=\box30
\ptbx=\dimen109
\ptc=\box31
\ptcx=\dimen110
\ptx=\box32
\ptxx=\dimen111
\pted=\count90
\ptedm=\count91
\pteda=\count92
\ptedb=\count93
\ptedc=\count94
\ptedl=\count95
\ptedh=\count96
\ptedhs=\count97
\ptedvs=\count98
\ptedtemp=\count99
) (trees_with_ETNs.aux)
LaTeX Font Info:    Checking defaults for OML/cmm/m/it on input line 9.
LaTeX Font Info:    ... okay on input line 9.
LaTeX Font Info:    Checking defaults for T1/cmr/m/n on input line 9.
LaTeX Font Info:    ... okay on input line 9.
LaTeX Font Info:    Checking defaults for OT1/cmr/m/n on input line 9.
LaTeX Font Info:    ... okay on input line 9.
LaTeX Font Info:    Checking defaults for OMS/cmsy/m/n on input line 9.
LaTeX Font Info:    ... okay on input line 9.
LaTeX Font Info:    Checking defaults for OMX/cmex/m/n on input line 9.
LaTeX Font Info:    ... okay on input line 9.
LaTeX Font Info:    Checking defaults for U/cmr/m/n on input line 9.
LaTeX Font Info:    ... okay on input line 9.

("C:\Program Files (x86)\MiKTeX 2.7\tex\context\base\supp-pdf.tex"
[Loading MPS to PDF converter (version 2006.09.02).]
\scratchcounter=\count100
\scratchdimen=\dimen112
\scratchbox=\box33
\nofMPsegments=\count101
\nofMParguments=\count102
\MPscratchCnt=\count103
\MPscratchDim=\dimen113
\MPnumerator=\count104
\everyMPtoPDFconversion=\toks17
)
Overfull \hbox (7.62897pt too wide) in paragraph at lines 12--13
[][] 
 []


Overfull \hbox (106.14665pt too wide) in paragraph at lines 14--15
[][] 
 []


Overfull \hbox (8.01222pt too wide) in paragraph at lines 16--17
[][] 
 []


Underfull \hbox (badness 10000) in paragraph at lines 19--35

 []

[1

{C:/ProgramData/MiKTeX/2.7/pdftex/config/pdftex.map}] [2]
(trees_with_ETNs.aux) ) 
Here is how much of TeX's memory you used:
 1161 strings out of 95340
 12931 string characters out of 1184001
 64882 words of memory out of 1500000
 4392 multiletter control sequences out of 110000
 5089 words of font info for 16 fonts, out of 1200000 for 2000
 14 hyphenation exceptions out of 8191
 25i,6n,19p,274b,208s stack positions out of 5000i,500n,10000p,200000b,5000s
 <C:\ProgramData\MiKTeX\2.7\fonts\pk\ljfour\jknappen\ec\
dpi600\ecti1000.pk> <C:\ProgramData\MiKTeX\2.7\fonts\pk\ljfour\jknappen\ec\dpi6
00\ecrm1000.pk><C:/Program Files (x86)/MiKTeX 2.7/fonts/type1/bluesky/latex-fon
ts/line10.pfb>
Output written on trees_with_ETNs.pdf (2 pages, 34753 bytes).
PDF statistics:
 106 PDF objects out of 1000 (max. 8388607)
 0 named destinations out of 1000 (max. 131072)
 1 words of extra memory for PDF output out of 10000 (max. 10000000)

